<?xml version="1.0" encoding="UTF-8"?>
<!-- Generated by org.testng.reporters.JUnitReportReporter -->
<testsuite hostname="LAPTOP-QUMG6PNP" failures="0" tests="1" name="MavenPack.FirstPrg" time="0.017" errors="0" timestamp="2023-04-26T07:42:47 IST" skipped="0">
  <testcase classname="MavenPack.FirstPrg" name="Test1" time="0.017"/>
  <system-out/>
</testsuite> <!-- MavenPack.FirstPrg -->
